  スキップ中... (関連する変更は検出されませんでした)
  precompile.cpp
  スキップ中... (関連する変更は検出されませんでした)
  title.cpp
  sound.cpp
  score.cpp
  result.cpp
  renderer.cpp
  ranking.cpp
  player3D.cpp
  particle.cpp
  objectXtex.cpp
  objectBillboard.cpp
  object2D.cpp
  object.cpp
  map2D.cpp
  manager.cpp
  main.cpp
  game.cpp
  fade.cpp
  combo.cpp
  camera.cpp
  bullet3D.cpp
  break_block3D.cpp
  bosslevel.cpp
  TutorialUI.cpp
  TitleUI.cpp
  SideBlock3D.cpp
  Pause.cpp
  LevelUPUI.cpp
  LevelUP.cpp
  LevelPoint3D.cpp
  GaugeBillboard.cpp
  Gauge.cpp
  ForeGround2D.cpp
  FallEffect.cpp
  EnemyBullet3D.cpp
  Enemy3D.cpp
  EditBlock3D.cpp
  Edit.cpp
  DirectionParticle.cpp
  BulletTypeUI.cpp
  BreakPiece.cpp
  Break.cpp
  BlockUI.cpp
  PuroOuyou032.vcxproj -> C:\Users\student\Documents\Visual Studio 2015\Projects\PuroOuyou032\Debug\PuroOuyou032.exe
  PuroOuyou032.vcxproj -> C:\Users\student\Documents\Visual Studio 2015\Projects\PuroOuyou032\Debug\PuroOuyou032.pdb (Full PDB)
