  precompile.cpp
  BlockUI.cpp
  Break.cpp
  BreakPiece.cpp
  BulletTypeUI.cpp
  DebugNumber3D.cpp
  DirectionParticle.cpp
  Edit.cpp
  EditBlock3D.cpp
  Enemy3D.cpp
  EnemyBullet3D.cpp
  FallEffect.cpp
  ForeGround2D.cpp
  Gauge.cpp
  GaugeBillboard.cpp
  LevelPoint3D.cpp
  LevelUP.cpp
  LevelUPUI.cpp
  LifeGauge.cpp
  LifeGaugeBillboard.cpp
  Pause.cpp
  コンパイル中...
  SideBlock3D.cpp
  TitleUI.cpp
  TutorialUI.cpp
  Xmodel.cpp
  bosslevel.cpp
  break_block3D.cpp
  break_blockBillboard.cpp
  bullet3D.cpp
  camera.cpp
  combo.cpp
  comboUI.cpp
  debugproc.cpp
  effect.cpp
  fade.cpp
  game.cpp
  input.cpp
  light.cpp
  main.cpp
  manager.cpp
  map2D.cpp
  コンパイル中...
  model.cpp
  motion.cpp
  number.cpp
  object.cpp
  object2D.cpp
  objectBillboard.cpp
  objectX.cpp
  objectXtex.cpp
  particle.cpp
  player3D.cpp
  playerlevel.cpp
  ranking.cpp
  renderer.cpp
  result.cpp
  score.cpp
  sound.cpp
  texture.cpp
  title.cpp
  コード生成しています。
  3 of 792 functions ( 0.4%) were compiled, the rest were copied from previous compilation.
    0 functions were new in current compilation
    0 functions had inline decision re-evaluated but remain unchanged
  コード生成が終了しました。
  PuroOuyou032.vcxproj -> C:\Users\student\Documents\Visual Studio 2015\Projects\PuroOuyou032\PuroOuyou032.exe
  PuroOuyou032.vcxproj -> C:\Users\student\Documents\Visual Studio 2015\Projects\PuroOuyou032\PuroOuyou032.pdb (Full PDB)
